0 info it worked if it ends with ok
1 verbose cli [ '/usr/local/bin/node',
1 verbose cli   '/usr/local/lib/node_modules/cnpm/node_modules/.bin/npm',
1 verbose cli   '--userconfig=/home/tage/.cnpmrc',
1 verbose cli   '--disturl=https://npm.taobao.org/mirrors/node',
1 verbose cli   '--registry=https://registry.npm.taobao.org',
1 verbose cli   'start' ]
2 info using npm@3.10.10
3 info using node@v6.9.1
4 verbose run-script [ 'prestart', 'start', 'poststart' ]
5 info lifecycle hello-ws@~prestart: hello-ws@
6 silly lifecycle hello-ws@~prestart: no script for prestart, continuing
7 info lifecycle hello-ws@~start: hello-ws@
8 verbose lifecycle hello-ws@~start: unsafe-perm in lifecycle true
9 verbose lifecycle hello-ws@~start: PATH: /usr/local/lib/node_modules/cnpm/node_modules/npm/bin/node-gyp-bin:/home/tage/WebstormProjects/hello-ws/node_modules/.bin:/home/tage/anaconda3/bin:/home/tage/Enthought/Canopy_64bit/User/bin:/home/tage/anaconda3/bin:/home/tage/Enthought/Canopy_64bit/User/bin:/home/tage/jdk1.7.0_21/bin:/home/tage/jdk1.7.0_21/jre/bin:/home/tage/jdk1.7.0_21:/home/tage/jdk1.7.0_21/bin:/home/tage/jdk1.7.0_21/jre/bin:/home/tage/jdk1.7.0_21:/usr/local/sbin:/usr/local/bin:/usr/sbin:/usr/bin:/sbin:/bin:/usr/games:/usr/local/games
10 verbose lifecycle hello-ws@~start: CWD: /home/tage/WebstormProjects/hello-ws
11 silly lifecycle hello-ws@~start: Args: [ '-c', 'node app.js' ]
12 silly lifecycle hello-ws@~start: Returned: code: 1  signal: null
13 info lifecycle hello-ws@~start: Failed to exec start script
14 verbose stack Error: hello-ws@ start: `node app.js`
14 verbose stack Exit status 1
14 verbose stack     at EventEmitter.<anonymous> (/usr/local/lib/node_modules/cnpm/node_modules/npm/lib/utils/lifecycle.js:255:16)
14 verbose stack     at emitTwo (events.js:106:13)
14 verbose stack     at EventEmitter.emit (events.js:191:7)
14 verbose stack     at ChildProcess.<anonymous> (/usr/local/lib/node_modules/cnpm/node_modules/npm/lib/utils/spawn.js:40:14)
14 verbose stack     at emitTwo (events.js:106:13)
14 verbose stack     at ChildProcess.emit (events.js:191:7)
14 verbose stack     at maybeClose (internal/child_process.js:877:16)
14 verbose stack     at Process.ChildProcess._handle.onexit (internal/child_process.js:226:5)
15 verbose pkgid hello-ws@
16 verbose cwd /home/tage/WebstormProjects/hello-ws
17 error Linux 4.2.0-35-generic
18 error argv "/usr/local/bin/node" "/usr/local/lib/node_modules/cnpm/node_modules/.bin/npm" "--userconfig=/home/tage/.cnpmrc" "--disturl=https://npm.taobao.org/mirrors/node" "--registry=https://registry.npm.taobao.org" "start"
19 error node v6.9.1
20 error npm  v3.10.10
21 error code ELIFECYCLE
22 error hello-ws@ start: `node app.js`
22 error Exit status 1
23 error Failed at the hello-ws@ start script 'node app.js'.
23 error Make sure you have the latest version of node.js and npm installed.
23 error If you do, this is most likely a problem with the hello-ws package,
23 error not with npm itself.
23 error Tell the author that this fails on your system:
23 error     node app.js
23 error You can get information on how to open an issue for this project with:
23 error     npm bugs hello-ws
23 error Or if that isn't available, you can get their info via:
23 error     npm owner ls hello-ws
23 error There is likely additional logging output above.
24 verbose exit [ 1, true ]
